<?xml version="1.0" encoding="UTF-8"?>
<coverage generated="1579012237">
  <project timestamp="1579012237">
    <package name="Webdcg\Redis">
      <file name="/Users/rluna/WebDCG/OpenSource/redis/src/Redis.php">
        <class name="Webdcg\Redis\Redis" namespace="Webdcg\Redis">
          <metrics complexity="1" methods="1" coveredmethods="1" conditionals="0" coveredconditionals="0" statements="2" coveredstatements="2" elements="3" coveredelements="3"/>
        </class>
        <line num="19" type="method" name="__construct" visibility="public" complexity="1" crap="1" count="53"/>
        <line num="21" type="stmt" count="53"/>
        <line num="22" type="stmt" count="53"/>
        <metrics loc="23" ncloc="23" classes="1" methods="1" coveredmethods="1" conditionals="0" coveredconditionals="0" statements="2" coveredstatements="2" elements="3" coveredelements="3"/>
      </file>
    </package>
    <package name="Webdcg\Redis\Traits">
      <file name="/Users/rluna/WebDCG/OpenSource/redis/src/Traits/Bits.php">
        <class name="Bits" namespace="Webdcg\Redis\Traits">
          <metrics complexity="1" methods="1" coveredmethods="1" conditionals="0" coveredconditionals="0" statements="1" coveredstatements="1" elements="2" coveredelements="2"/>
        </class>
        <line num="14" type="method" name="bitCount" visibility="public" complexity="1" crap="1" count="1"/>
        <line num="16" type="stmt" count="1"/>
        <metrics loc="18" ncloc="11" classes="1" methods="1" coveredmethods="1" conditionals="0" coveredconditionals="0" statements="1" coveredstatements="1" elements="2" coveredelements="2"/>
      </file>
      <file name="/Users/rluna/WebDCG/OpenSource/redis/src/Traits/Connection.php">
        <class name="Connection" namespace="Webdcg\Redis\Traits">
          <metrics complexity="18" methods="12" coveredmethods="12" conditionals="0" coveredconditionals="0" statements="12" coveredstatements="12" elements="24" coveredelements="24"/>
        </class>
        <line num="22" type="method" name="connect" visibility="public" complexity="1" crap="1" count="53"/>
        <line num="30" type="stmt" count="53"/>
        <line num="48" type="method" name="open" visibility="public" complexity="1" crap="1" count="2"/>
        <line num="56" type="stmt" count="2"/>
        <line num="87" type="method" name="pconnect" visibility="public" complexity="3" crap="3" count="2"/>
        <line num="95" type="stmt" count="2"/>
        <line num="126" type="method" name="popen" visibility="public" complexity="3" crap="3" count="1"/>
        <line num="134" type="stmt" count="1"/>
        <line num="144" type="method" name="auth" visibility="public" complexity="1" crap="1" count="2"/>
        <line num="146" type="stmt" count="2"/>
        <line num="156" type="method" name="select" visibility="public" complexity="1" crap="1" count="2"/>
        <line num="158" type="stmt" count="2"/>
        <line num="169" type="method" name="swapdb" visibility="public" complexity="1" crap="1" count="2"/>
        <line num="171" type="stmt" count="2"/>
        <line num="181" type="method" name="close" visibility="public" complexity="1" crap="1" count="1"/>
        <line num="183" type="stmt" count="1"/>
        <line num="194" type="method" name="setOption" visibility="public" complexity="1" crap="1" count="34"/>
        <line num="196" type="stmt" count="34"/>
        <line num="206" type="method" name="getOption" visibility="public" complexity="1" crap="1" count="6"/>
        <line num="208" type="stmt" count="6"/>
        <line num="220" type="method" name="ping" visibility="public" complexity="3" crap="3" count="1"/>
        <line num="222" type="stmt" count="1"/>
        <line num="232" type="method" name="echo" visibility="public" complexity="1" crap="1" count="1"/>
        <line num="234" type="stmt" count="1"/>
        <metrics loc="236" ncloc="90" classes="1" methods="12" coveredmethods="12" conditionals="0" coveredconditionals="0" statements="12" coveredstatements="12" elements="24" coveredelements="24"/>
      </file>
      <file name="/Users/rluna/WebDCG/OpenSource/redis/src/Traits/Keys.php">
        <class name="Keys" namespace="Webdcg\Redis\Traits">
          <metrics complexity="10" methods="10" coveredmethods="9" conditionals="0" coveredconditionals="0" statements="10" coveredstatements="9" elements="20" coveredelements="18"/>
        </class>
        <line num="14" type="method" name="del" visibility="public" complexity="1" crap="1" count="3"/>
        <line num="16" type="stmt" count="3"/>
        <line num="26" type="method" name="delete" visibility="public" complexity="1" crap="1" count="16"/>
        <line num="28" type="stmt" count="16"/>
        <line num="43" type="method" name="unlink" visibility="public" complexity="1" crap="1" count="4"/>
        <line num="45" type="stmt" count="4"/>
        <line num="56" type="method" name="dump" visibility="public" complexity="1" crap="1" count="5"/>
        <line num="58" type="stmt" count="5"/>
        <line num="68" type="method" name="exists" visibility="public" complexity="1" crap="1" count="32"/>
        <line num="70" type="stmt" count="32"/>
        <line num="81" type="method" name="expire" visibility="public" complexity="1" crap="1" count="2"/>
        <line num="83" type="stmt" count="2"/>
        <line num="94" type="method" name="setTimeout" visibility="public" complexity="1" crap="1" count="2"/>
        <line num="96" type="stmt" count="2"/>
        <line num="107" type="method" name="pexpire" visibility="public" complexity="1" crap="1" count="2"/>
        <line num="109" type="stmt" count="2"/>
        <line num="120" type="method" name="expireAt" visibility="public" complexity="1" crap="1" count="2"/>
        <line num="122" type="stmt" count="2"/>
        <line num="134" type="method" name="pexpireAt" visibility="public" complexity="1" crap="2.00" count="0"/>
        <line num="136" type="stmt" count="0"/>
        <metrics loc="138" ncloc="56" classes="1" methods="10" coveredmethods="9" conditionals="0" coveredconditionals="0" statements="10" coveredstatements="9" elements="20" coveredelements="18"/>
      </file>
      <file name="/Users/rluna/WebDCG/OpenSource/redis/src/Traits/Strings.php">
        <class name="Strings" namespace="Webdcg\Redis\Traits">
          <metrics complexity="5" methods="4" coveredmethods="4" conditionals="0" coveredconditionals="0" statements="6" coveredstatements="6" elements="10" coveredelements="10"/>
        </class>
        <line num="15" type="method" name="append" visibility="public" complexity="1" crap="1" count="1"/>
        <line num="17" type="stmt" count="1"/>
        <line num="31" type="method" name="set" visibility="public" complexity="2" crap="2" count="28"/>
        <line num="33" type="stmt" count="28"/>
        <line num="34" type="stmt" count="28"/>
        <line num="37" type="stmt" count="1"/>
        <line num="49" type="method" name="setEx" visibility="public" complexity="1" crap="1" count="1"/>
        <line num="51" type="stmt" count="1"/>
        <line num="54" type="method" name="get" visibility="public" complexity="1" crap="1" count="6"/>
        <line num="56" type="stmt" count="6"/>
        <metrics loc="58" ncloc="30" classes="1" methods="4" coveredmethods="4" conditionals="0" coveredconditionals="0" statements="6" coveredstatements="6" elements="10" coveredelements="10"/>
      </file>
    </package>
    <metrics files="5" loc="473" ncloc="210" classes="5" methods="28" coveredmethods="27" conditionals="0" coveredconditionals="0" statements="31" coveredstatements="30" elements="59" coveredelements="57"/>
  </project>
</coverage>
